{
  "stats": {
    "suites": 1,
    "tests": 6,
    "passes": 6,
    "pending": 0,
    "failures": 0,
    "start": "2021-05-26T00:41:30.339Z",
    "end": "2021-05-26T00:41:41.131Z",
    "duration": 9220,
    "testsRegistered": 6,
    "passPercent": 100,
    "pendingPercent": 0,
    "other": 0,
    "hasOther": false,
    "skipped": 0,
    "hasSkipped": false
  },
  "results": [
    {
      "uuid": "75ff2844-7ef3-49f8-acb6-e8f86fdc8dd2",
      "title": "",
      "fullFile": "cypress/integration/Imovel/imovel.spec.js",
      "file": "cypress/integration/Imovel/imovel.spec.js",
      "beforeHooks": [],
      "afterHooks": [],
      "tests": [],
      "suites": [
        {
          "uuid": "8e3a7031-1a8b-47a2-9bae-4ef2eb97365f",
          "title": "Caso de Teste: 1",
          "fullFile": "",
          "file": "",
          "beforeHooks": [],
          "afterHooks": [],
          "tests": [
            {
              "title": "Cenario: Entrar no site do IMOVEL",
              "fullTitle": "Caso de Teste: 1 Cenario: Entrar no site do IMOVEL",
              "timedOut": null,
              "duration": 731,
              "state": "passed",
              "speed": "slow",
              "pass": true,
              "fail": false,
              "pending": false,
              "context": null,
              "code": "cy.get('h1').should('contain.text', 'Encontre o imóvel ideal para você!');",
              "err": {},
              "uuid": "8c7f11cd-e243-47a2-803f-ee516570dc96",
              "parentUUID": "8e3a7031-1a8b-47a2-9bae-4ef2eb97365f",
              "isHook": false,
              "skipped": false
            },
            {
              "title": "Cenario: Navegar até a tela de Detalhes do primeiro imóvel e verificar o título",
              "fullTitle": "Caso de Teste: 1 Cenario: Navegar até a tela de Detalhes do primeiro imóvel e verificar o título",
              "timedOut": null,
              "duration": 1634,
              "state": "passed",
              "speed": "slow",
              "pass": true,
              "fail": false,
              "pending": false,
              "context": null,
              "code": "cy.get(':nth-child(1) > .info-container > .more-details').click();\ncy.get('.title').should('contain.text', 'Lorem ipsum dolor sit amet, consectetur adipiscing elit');",
              "err": {},
              "uuid": "04cfb3b5-06cf-4f31-ba95-68f70f20229e",
              "parentUUID": "8e3a7031-1a8b-47a2-9bae-4ef2eb97365f",
              "isHook": false,
              "skipped": false
            },
            {
              "title": "Cenario: Navegar até a tela de login e ao entrar com dados inválidos, não realizar o login",
              "fullTitle": "Caso de Teste: 1 Cenario: Navegar até a tela de login e ao entrar com dados inválidos, não realizar o login",
              "timedOut": null,
              "duration": 1675,
              "state": "passed",
              "speed": "slow",
              "pass": true,
              "fail": false,
              "pending": false,
              "context": null,
              "code": "cy.get('.dropdown-toggle > #icon > path').click();\ncy.get('.menu-not-signed > a').click();\ncy.get(':nth-child(2) > .input-container > input').type('user@imovel.com');\ncy.get(':nth-child(3) > .input-container > input').type('12345678');\ncy.get('.button-container').click();\ncy.get('h1').should('contain.text', 'Algo deu errado :(');",
              "err": {},
              "uuid": "78785147-1d68-413c-866f-31d4d95c4373",
              "parentUUID": "8e3a7031-1a8b-47a2-9bae-4ef2eb97365f",
              "isHook": false,
              "skipped": false
            },
            {
              "title": "Cenario: Navegar até a tela de login e realizar o login na aplicação",
              "fullTitle": "Caso de Teste: 1 Cenario: Navegar até a tela de login e realizar o login na aplicação",
              "timedOut": null,
              "duration": 1338,
              "state": "passed",
              "speed": "slow",
              "pass": true,
              "fail": false,
              "pending": false,
              "context": null,
              "code": "cy.get('.dropdown-toggle > #icon > path').click();\ncy.get('.menu-not-signed > a').click();\ncy.get(':nth-child(2) > .input-container > input').type('vanessa@imovel.com');\ncy.get(':nth-child(3) > .input-container > input').type('12345678');\ncy.get('.button-container').click();\ncy.get('.dropdown-toggle > img').click();\ncy.get('.user-info > div > p').should('contain.text', 'Vanessa');",
              "err": {},
              "uuid": "0d4ad869-a73f-40a7-b425-93671038dc9c",
              "parentUUID": "8e3a7031-1a8b-47a2-9bae-4ef2eb97365f",
              "isHook": false,
              "skipped": false
            },
            {
              "title": "Cenario: Realizar login e navegar até a tela Minha Conta e alterar o nome do usuário",
              "fullTitle": "Caso de Teste: 1 Cenario: Realizar login e navegar até a tela Minha Conta e alterar o nome do usuário",
              "timedOut": null,
              "duration": 1767,
              "state": "passed",
              "speed": "slow",
              "pass": true,
              "fail": false,
              "pending": false,
              "context": null,
              "code": "cy.get('.dropdown-toggle > #icon > path').click();\ncy.get('.menu-not-signed > a').click();\ncy.get(':nth-child(2) > .input-container > input').type('vanessa@imovel.com');\ncy.get(':nth-child(3) > .input-container > input').type('12345678');\ncy.get('.button-container').click();\ncy.get('.dropdown-toggle > img').click();\ncy.get('ul > :nth-child(1) > a').click();\ncy.get(':nth-child(1) > .input-container > input').focus().clear().type('Vanessa');\ncy.get('form > .button-container').click();\ncy.get('.user-info > p').should('contain.text', 'Vanessa');",
              "err": {},
              "uuid": "568d89ba-f187-485d-82a2-7159ceb19ea7",
              "parentUUID": "8e3a7031-1a8b-47a2-9bae-4ef2eb97365f",
              "isHook": false,
              "skipped": false
            },
            {
              "title": "Cenario: Realizar Login, navegar ate a Tela Anunciar e entrar na tela de Cadastro de Imóveis",
              "fullTitle": "Caso de Teste: 1 Cenario: Realizar Login, navegar ate a Tela Anunciar e entrar na tela de Cadastro de Imóveis",
              "timedOut": null,
              "duration": 2075,
              "state": "passed",
              "speed": "slow",
              "pass": true,
              "fail": false,
              "pending": false,
              "context": null,
              "code": "cy.get('.dropdown-toggle > #icon > path').click();\ncy.get('.menu-not-signed > a').click();\ncy.get(':nth-child(2) > .input-container > input').type('vanessa@imovel.com');\ncy.get(':nth-child(3) > .input-container > input').type('12345678');\ncy.get('.button-container').click();\ncy.get('.dropdown-toggle > img').click();\ncy.get('ul > :nth-child(3) > a').click();\ncy.get('.title > h1').contains('Anunciar');\ncy.get('.button-container').click();\ncy.get('h1').should('contain.text', 'É rápido, simples e gratuito!');",
              "err": {},
              "uuid": "a865b178-8ef4-49f6-aff3-ee50874bfbaa",
              "parentUUID": "8e3a7031-1a8b-47a2-9bae-4ef2eb97365f",
              "isHook": false,
              "skipped": false
            }
          ],
          "suites": [],
          "passes": [
            "8c7f11cd-e243-47a2-803f-ee516570dc96",
            "04cfb3b5-06cf-4f31-ba95-68f70f20229e",
            "78785147-1d68-413c-866f-31d4d95c4373",
            "0d4ad869-a73f-40a7-b425-93671038dc9c",
            "568d89ba-f187-485d-82a2-7159ceb19ea7",
            "a865b178-8ef4-49f6-aff3-ee50874bfbaa"
          ],
          "failures": [],
          "pending": [],
          "skipped": [],
          "duration": 9220,
          "root": false,
          "rootEmpty": false,
          "_timeout": 2000
        }
      ],
      "passes": [],
      "failures": [],
      "pending": [],
      "skipped": [],
      "duration": 0,
      "root": true,
      "rootEmpty": true,
      "_timeout": 2000
    }
  ],
  "meta": {
    "mocha": {
      "version": "7.0.1"
    },
    "mochawesome": {
      "options": {
        "quiet": false,
        "reportFilename": "mochawesome",
        "saveHtml": false,
        "saveJson": true,
        "consoleReporter": "spec",
        "useInlineDiffs": false,
        "code": true
      },
      "version": "6.2.2"
    },
    "marge": {
      "options": {
        "reportDir": "cypress/reports",
        "overwrite": false,
        "html": false,
        "json": true
      },
      "version": "5.2.0"
    }
  }
}